0 verbose cli /Users/msv/.nvm/versions/node/v24.14.0/bin/node /usr/local/bin/npm
1 info using npm@11.9.0
2 info using node@v24.14.0
3 silly config load:file:/usr/local/lib/node_modules/npm/npmrc
4 silly config load:file:/Volumes/Will of D/Cloude Code Database/gsd-new/.npmrc
5 silly config load:file:/Users/msv/.npmrc
6 silly config load:file:/Users/msv/.nvm/versions/node/v24.14.0/etc/npmrc
7 verbose title npm install babel-plugin-transform-import-meta
8 verbose argv "install" "--save-dev" "babel-plugin-transform-import-meta" "--legacy-peer-deps" "--cache" "./.npm-cache"
9 verbose logfile logs-max:10 dir:/Volumes/Will of D/Cloude Code Database/gsd-new/.npm-cache/_logs/2026-04-02T19_40_13_099Z-
10 verbose logfile /Volumes/Will of D/Cloude Code Database/gsd-new/.npm-cache/_logs/2026-04-02T19_40_13_099Z-debug-0.log
11 silly logfile done cleaning log files
12 silly packumentCache heap:4496293888 maxSize:1124073472 maxEntrySize:562036736
13 silly idealTree buildDeps
14 silly fetch manifest babel-plugin-transform-import-meta@*
15 silly packumentCache full:https://registry.npmjs.org/babel-plugin-transform-import-meta cache-miss
16 http fetch GET 200 https://registry.npmjs.org/babel-plugin-transform-import-meta 478ms (cache miss)
17 silly packumentCache full:https://registry.npmjs.org/babel-plugin-transform-import-meta set size:undefined disposed:false
18 silly placeDep ROOT babel-plugin-transform-import-meta@2.3.3 OK for: aegis-fleet-orchestrator@1.0.0 want: *
19 silly fetch manifest tslib@^2.8.1
20 silly packumentCache full:https://registry.npmjs.org/tslib cache-miss
21 http fetch GET 200 https://registry.npmjs.org/tslib 67ms (cache miss)
22 silly packumentCache full:https://registry.npmjs.org/tslib set size:undefined disposed:false
23 silly placeDep ROOT tslib@2.8.1 OK for: babel-plugin-transform-import-meta@2.3.3 want: ^2.8.1
24 silly reify moves {}
25 silly audit bulk request {
25 silly audit   '@0no-co/graphql.web': [ '1.2.0' ],
25 silly audit   '@babel/code-frame': [ '7.10.4', '7.29.0' ],
25 silly audit   '@babel/compat-data': [ '7.29.0' ],
25 silly audit   '@babel/core': [ '7.29.0' ],
25 silly audit   semver: [ '6.3.1', '7.7.4' ],
25 silly audit   '@babel/generator': [ '7.29.1' ],
25 silly audit   '@babel/helper-annotate-as-pure': [ '7.27.3' ],
25 silly audit   '@babel/helper-compilation-targets': [ '7.28.6' ],
25 silly audit   '@babel/helper-create-class-features-plugin': [ '7.28.6' ],
25 silly audit   '@babel/helper-create-regexp-features-plugin': [ '7.28.5' ],
25 silly audit   '@babel/helper-define-polyfill-provider': [ '0.6.8' ],
25 silly audit   '@babel/helper-globals': [ '7.28.0' ],
25 silly audit   '@babel/helper-member-expression-to-functions': [ '7.28.5' ],
25 silly audit   '@babel/helper-module-imports': [ '7.28.6' ],
25 silly audit   '@babel/helper-module-transforms': [ '7.28.6' ],
25 silly audit   '@babel/helper-optimise-call-expression': [ '7.27.1' ],
25 silly audit   '@babel/helper-plugin-utils': [ '7.28.6' ],
25 silly audit   '@babel/helper-remap-async-to-generator': [ '7.27.1' ],
25 silly audit   '@babel/helper-replace-supers': [ '7.28.6' ],
25 silly audit   '@babel/helper-skip-transparent-expression-wrappers': [ '7.27.1' ],
25 silly audit   '@babel/helper-string-parser': [ '7.27.1' ],
25 silly audit   '@babel/helper-validator-identifier': [ '7.28.5' ],
25 silly audit   '@babel/helper-validator-option': [ '7.27.1' ],
25 silly audit   '@babel/helper-wrap-function': [ '7.28.6' ],
25 silly audit   '@babel/helpers': [ '7.29.2' ],
25 silly audit   '@babel/highlight': [ '7.25.9' ],
25 silly audit   '@babel/parser': [ '7.29.2' ],
25 silly audit   '@babel/plugin-proposal-decorators': [ '7.29.0' ],
25 silly audit   '@babel/plugin-proposal-export-default-from': [ '7.27.1' ],
25 silly audit   '@babel/plugin-syntax-async-generators': [ '7.8.4' ],
25 silly audit   '@babel/plugin-syntax-bigint': [ '7.8.3' ],
25 silly audit   '@babel/plugin-syntax-class-properties': [ '7.12.13' ],
25 silly audit   '@babel/plugin-syntax-class-static-block': [ '7.14.5' ],
25 silly audit   '@babel/plugin-syntax-decorators': [ '7.28.6' ],
25 silly audit   '@babel/plugin-syntax-dynamic-import': [ '7.8.3' ],
25 silly audit   '@babel/plugin-syntax-export-default-from': [ '7.28.6' ],
25 silly audit   '@babel/plugin-syntax-flow': [ '7.28.6' ],
25 silly audit   '@babel/plugin-syntax-import-attributes': [ '7.28.6' ],
25 silly audit   '@babel/plugin-syntax-import-meta': [ '7.10.4' ],
25 silly audit   '@babel/plugin-syntax-json-strings': [ '7.8.3' ],
25 silly audit   '@babel/plugin-syntax-jsx': [ '7.28.6' ],
25 silly audit   '@babel/plugin-syntax-logical-assignment-operators': [ '7.10.4' ],
25 silly audit   '@babel/plugin-syntax-nullish-coalescing-operator': [ '7.8.3' ],
25 silly audit   '@babel/plugin-syntax-numeric-separator': [ '7.10.4' ],
25 silly audit   '@babel/plugin-syntax-object-rest-spread': [ '7.8.3' ],
25 silly audit   '@babel/plugin-syntax-optional-catch-binding': [ '7.8.3' ],
25 silly audit   '@babel/plugin-syntax-optional-chaining': [ '7.8.3' ],
25 silly audit   '@babel/plugin-syntax-private-property-in-object': [ '7.14.5' ],
25 silly audit   '@babel/plugin-syntax-top-level-await': [ '7.14.5' ],
25 silly audit   '@babel/plugin-syntax-typescript': [ '7.28.6' ],
25 silly audit   '@babel/plugin-transform-arrow-functions': [ '7.27.1' ],
25 silly audit   '@babel/plugin-transform-async-generator-functions': [ '7.29.0' ],
25 silly audit   '@babel/plugin-transform-async-to-generator': [ '7.28.6' ],
25 silly audit   '@babel/plugin-transform-block-scoping': [ '7.28.6' ],
25 silly audit   '@babel/plugin-transform-class-properties': [ '7.28.6' ],
25 silly audit   '@babel/plugin-transform-class-static-block': [ '7.28.6' ],
25 silly audit   '@babel/plugin-transform-classes': [ '7.28.6' ],
25 silly audit   '@babel/plugin-transform-computed-properties': [ '7.28.6' ],
25 silly audit   '@babel/plugin-transform-destructuring': [ '7.28.5' ],
25 silly audit   '@babel/plugin-transform-export-namespace-from': [ '7.27.1' ],
25 silly audit   '@babel/plugin-transform-flow-strip-types': [ '7.27.1' ],
25 silly audit   '@babel/plugin-transform-for-of': [ '7.27.1' ],
25 silly audit   '@babel/plugin-transform-function-name': [ '7.27.1' ],
25 silly audit   '@babel/plugin-transform-literals': [ '7.27.1' ],
25 silly audit   '@babel/plugin-transform-logical-assignment-operators': [ '7.28.6' ],
25 silly audit   '@babel/plugin-transform-modules-commonjs': [ '7.28.6' ],
25 silly audit   '@babel/plugin-transform-named-capturing-groups-regex': [ '7.29.0' ],
25 silly audit   '@babel/plugin-transform-nullish-coalescing-operator': [ '7.28.6' ],
25 silly audit   '@babel/plugin-transform-numeric-separator': [ '7.28.6' ],
25 silly audit   '@babel/plugin-transform-object-rest-spread': [ '7.28.6' ],
25 silly audit   '@babel/plugin-transform-optional-catch-binding': [ '7.28.6' ],
25 silly audit   '@babel/plugin-transform-optional-chaining': [ '7.28.6' ],
25 silly audit   '@babel/plugin-transform-parameters': [ '7.27.7' ],
25 silly audit   '@babel/plugin-transform-private-methods': [ '7.28.6' ],
25 silly audit   '@babel/plugin-transform-private-property-in-object': [ '7.28.6' ],
25 silly audit   '@babel/plugin-transform-react-display-name': [ '7.28.0' ],
25 silly audit   '@babel/plugin-transform-react-jsx': [ '7.28.6' ],
25 silly audit   '@babel/plugin-transform-react-jsx-development': [ '7.27.1' ],
25 silly audit   '@babel/plugin-transform-react-jsx-self': [ '7.27.1' ],
25 silly audit   '@babel/plugin-transform-react-jsx-source': [ '7.27.1' ],
25 silly audit   '@babel/plugin-transform-react-pure-annotations': [ '7.27.1' ],
25 silly audit   '@babel/plugin-transform-regenerator': [ '7.29.0' ],
25 silly audit   '@babel/plugin-transform-runtime': [ '7.29.0' ],
25 silly audit   '@babel/plugin-transform-shorthand-properties': [ '7.27.1' ],
25 silly audit   '@babel/plugin-transform-spread': [ '7.28.6' ],
25 silly audit   '@babel/plugin-transform-sticky-regex': [ '7.27.1' ],
25 silly audit   '@babel/plugin-transform-typescript': [ '7.28.6' ],
25 silly audit   '@babel/plugin-transform-unicode-regex': [ '7.27.1' ],
25 silly audit   '@babel/preset-react': [ '7.28.5' ],
25 silly audit   '@babel/preset-typescript': [ '7.28.5' ],
25 silly audit   '@babel/runtime': [ '7.29.2' ],
25 silly audit   '@babel/template': [ '7.28.6' ],
25 silly audit   '@babel/traverse': [ '7.29.0' ],
25 silly audit   '@babel/types': [ '7.29.0' ],
25 silly audit   '@expo/code-signing-certificates': [ '0.0.6' ],
25 silly audit   '@expo/config': [ '12.0.13' ],
25 silly audit   '@expo/config-plugins': [ '54.0.4' ],
25 silly audit   'ansi-styles': [ '4.3.0', '3.2.1', '5.2.0' ],
25 silly audit   chalk: [ '4.1.2', '2.4.2' ],
25 silly audit   'color-convert': [ '2.0.1', '1.9.3' ],
25 silly audit   'color-name': [ '1.1.4', '1.1.3' ],
25 silly audit   'has-flag': [ '4.0.0', '3.0.0' ],
25 silly audit   'supports-color': [ '7.2.0', '8.1.1', '5.5.0' ],
25 silly audit   '@expo/config-types': [ '54.0.10' ],
25 silly audit   '@expo/devcert': [ '1.2.1' ],
25 silly audit   debug: [ '3.2.7', '2.6.9', '4.4.3' ],
25 silly audit   '@expo/devtools': [ '0.1.8' ],
25 silly audit   '@expo/dom-webview': [ '55.0.3' ],
25 silly audit   '@expo/env': [ '2.0.11' ],
25 silly audit   '@expo/fingerprint': [ '0.15.4' ],
25 silly audit   '@expo/image-utils': [ '0.8.12' ],
25 silly audit   '@expo/json-file': [ '10.0.12' ],
25 silly audit   '@expo/log-box': [ '55.0.8' ],
25 silly audit   '@expo/metro': [ '54.2.0' ],
25 silly audit   '@expo/metro-runtime': [ '55.0.7' ],
25 silly audit   '@expo/osascript': [ '2.4.2' ],
25 silly audit   '@expo/package-manager': [ '1.10.3' ],
25 silly audit   '@expo/plist': [ '0.4.8' ],
25 silly audit   '@expo/schema-utils': [ '0.1.8' ],
25 silly audit   '@expo/sdk-runtime-versions': [ '1.0.0' ],
25 silly audit   '@expo/spawn-async': [ '1.7.2' ],
25 silly audit   '@expo/sudo-prompt': [ '9.3.2' ],
25 silly audit   '@expo/ws-tunnel': [ '1.0.6' ],
25 silly audit   '@expo/xcpretty': [ '4.4.1' ],
25 silly audit   argparse: [ '2.0.1', '1.0.10' ],
25 silly audit   'js-yaml': [ '4.1.1', '3.14.2' ],
25 silly audit   '@isaacs/fs-minipass': [ '4.0.1' ],
25 silly audit   '@isaacs/ttlcache': [ '1.4.1' ],
25 silly audit   '@istanbuljs/load-nyc-config': [ '1.1.0' ],
25 silly audit   camelcase: [ '5.3.1', '6.3.0' ],
25 silly audit   '@istanbuljs/schema': [ '0.1.3' ],
25 silly audit   '@jest/create-cache-key-function': [ '29.7.0' ],
25 silly audit   '@jest/environment': [ '29.7.0' ],
25 silly audit   '@jest/fake-timers': [ '29.7.0' ],
25 silly audit   '@jest/schemas': [ '29.6.3' ],
25 silly audit   '@jest/transform': [ '29.7.0' ],
25 silly audit   '@jest/types': [ '29.6.3' ],
25 silly audit   '@jridgewell/gen-mapping': [ '0.3.13' ],
25 silly audit   '@jridgewell/remapping': [ '2.3.5' ],
25 silly audit   '@jridgewell/resolve-uri': [ '3.1.2' ],
25 silly audit   '@jridgewell/source-map': [ '0.3.11' ],
25 silly audit   '@jridgewell/sourcemap-codec': [ '1.5.5' ],
25 silly audit   '@jridgewell/trace-mapping': [ '0.3.31' ],
25 silly audit   '@react-native-async-storage/async-storage': [ '3.0.2' ],
25 silly audit   '@react-native/assets-registry': [ '0.81.5' ],
25 silly audit   '@react-native/babel-plugin-codegen': [ '0.81.5', '0.83.4' ],
25 silly audit   '@react-native/babel-preset': [ '0.81.5', '0.83.4' ],
25 silly audit   '@react-native/codegen': [ '0.81.5', '0.83.4' ],
25 silly audit   'brace-expansion': [ '1.1.13', '2.0.3', '5.0.5' ],
25 silly audit   glob: [ '7.2.3', '13.0.6' ],
25 silly audit   'hermes-estree': [ '0.29.1', '0.32.1', '0.32.0' ],
25 silly audit   'hermes-parser': [ '0.29.1', '0.32.1', '0.32.0' ],
25 silly audit   minimatch: [ '3.1.5', '10.2.5', '9.0.9' ],
25 silly audit   '@react-native/community-cli-plugin': [ '0.81.5' ],
25 silly audit   '@react-native/debugger-frontend': [ '0.81.5' ],
25 silly audit   '@react-native/dev-middleware': [ '0.81.5' ],
25 silly audit   ws: [ '6.2.3', '8.20.0', '7.5.10' ],
25 silly audit   '@react-native/gradle-plugin': [ '0.81.5' ],
25 silly audit   '@react-native/js-polyfills': [ '0.81.5' ],
25 silly audit   '@react-native/normalize-colors': [ '0.81.5', '0.83.4', '0.74.89' ],
25 silly audit   '@react-three/fiber': [ '9.5.0' ],
25 silly audit   buffer: [ '6.0.3', '5.7.1' ],
25 silly audit   'react-use-measure': [ '2.1.7' ],
25 silly audit   scheduler: [ '0.27.0', '0.26.0' ],
25 silly audit   '@sinclair/typebox': [ '0.27.10' ],
25 silly audit   '@sinonjs/commons': [ '3.0.1' ],
25 silly audit   '@sinonjs/fake-timers': [ '10.3.0' ],
25 silly audit   '@types/babel__core': [ '7.20.5' ],
25 silly audit   '@types/babel__generator': [ '7.27.0' ],
25 silly audit   '@types/babel__template': [ '7.4.4' ],
25 silly audit   '@types/babel__traverse': [ '7.28.0' ],
25 silly audit   '@types/graceful-fs': [ '4.1.9' ],
25 silly audit   '@types/istanbul-lib-coverage': [ '2.0.6' ],
25 silly audit   '@types/istanbul-lib-report': [ '3.0.3' ],
25 silly audit   '@types/istanbul-reports': [ '3.0.4' ],
25 silly audit   '@types/node': [ '25.5.0' ],
25 silly audit   '@types/react': [ '19.1.17' ],
25 silly audit   '@types/react-reconciler': [ '0.28.9' ],
25 silly audit   '@types/stack-utils': [ '2.0.3' ],
25 silly audit   '@types/webxr': [ '0.5.24' ],
25 silly audit   '@types/yargs': [ '17.0.35' ],
25 silly audit   '@types/yargs-parser': [ '21.0.3' ],
25 silly audit   '@ungap/structured-clone': [ '1.3.0' ],
25 silly audit   '@urql/core': [ '5.2.0' ],
25 silly audit   '@urql/exchange-retry': [ '1.3.2' ],
25 silly audit   '@xmldom/xmldom': [ '0.8.12' ],
25 silly audit   'abort-controller': [ '3.0.0' ],
25 silly audit   accepts: [ '1.3.8' ],
25 silly audit   acorn: [ '8.16.0' ],
25 silly audit   'agent-base': [ '7.1.4' ],
25 silly audit   anser: [ '1.4.10' ],
25 silly audit   'ansi-escapes': [ '4.3.2' ],
25 silly audit   'type-fest': [ '0.21.3', '0.7.1' ],
25 silly audit   'ansi-regex': [ '5.0.1', '4.1.1' ],
25 silly audit   'any-promise': [ '1.3.0' ],
25 silly audit   anymatch: [ '3.1.3' ],
25 silly audit   arg: [ '5.0.2' ],
25 silly audit   asap: [ '2.0.6' ],
25 silly audit   'async-limiter': [ '1.0.1' ],
25 silly audit   'babel-jest': [ '29.7.0' ],
25 silly audit   'babel-plugin-istanbul': [ '6.1.1' ],
25 silly audit   'babel-plugin-jest-hoist': [ '29.6.3' ],
25 silly audit   'babel-plugin-polyfill-corejs2': [ '0.4.17' ],
25 silly audit   'babel-plugin-polyfill-corejs3': [ '0.13.0' ],
25 silly audit   'babel-plugin-polyfill-regenerator': [ '0.6.8' ],
25 silly audit   'babel-plugin-react-compiler': [ '1.0.0' ],
25 silly audit   'babel-plugin-react-native-web': [ '0.21.2' ],
25 silly audit   'babel-plugin-syntax-hermes-parser': [ '0.29.1', '0.32.0', '0.32.1' ],
25 silly audit   'babel-plugin-transform-flow-enums': [ '0.0.2' ],
25 silly audit   'babel-preset-current-node-syntax': [ '1.2.0' ],
25 silly audit   'babel-preset-expo': [ '55.0.14', '54.0.10' ],
25 silly audit   'babel-preset-jest': [ '29.6.3' ],
25 silly audit   'balanced-match': [ '1.0.2', '4.0.4' ],
25 silly audit   'base64-js': [ '1.5.1' ],
25 silly audit   'baseline-browser-mapping': [ '2.10.13' ],
25 silly audit   'better-opn': [ '3.0.2' ],
25 silly audit   open: [ '8.4.2', '7.4.2' ],
25 silly audit   'big-integer': [ '1.6.52' ],
25 silly audit   boolbase: [ '1.0.0' ],
25 silly audit   'bplist-creator': [ '0.1.0' ],
25 silly audit   'bplist-parser': [ '0.3.1' ],
25 silly audit   braces: [ '3.0.3' ],
25 silly audit   browserslist: [ '4.28.2' ],
25 silly audit   bser: [ '2.1.1' ],
25 silly audit   'buffer-from': [ '1.1.2' ],
25 silly audit   bytes: [ '3.1.2' ],
25 silly audit   'caniuse-lite': [ '1.0.30001784' ],
25 silly audit   chownr: [ '3.0.0' ],
25 silly audit   'chrome-launcher': [ '0.15.2' ],
25 silly audit   'escape-string-regexp': [ '4.0.0', '1.0.5', '2.0.0' ],
25 silly audit   'chromium-edge-launcher': [ '0.2.0' ],
25 silly audit   'ci-info': [ '2.0.0', '3.9.0' ],
25 silly audit   'cli-cursor': [ '2.1.0' ],
25 silly audit   'cli-spinners': [ '2.9.2' ],
25 silly audit   cliui: [ '8.0.1' ],
25 silly audit   clone: [ '1.0.4' ],
25 silly audit   commander: [ '7.2.0', '12.1.0', '4.1.1', '2.20.3' ],
25 silly audit   compressible: [ '2.0.18' ],
25 silly audit   compression: [ '1.8.1' ],
25 silly audit   ms: [ '2.0.0', '2.1.3' ],
25 silly audit   negotiator: [ '0.6.4', '0.6.3' ],
25 silly audit   'concat-map': [ '0.0.1' ],
25 silly audit   connect: [ '3.7.0' ],
25 silly audit   'convert-source-map': [ '2.0.0' ],
25 silly audit   'core-js-compat': [ '3.49.0' ],
25 silly audit   'cross-fetch': [ '3.2.0' ],
25 silly audit   'cross-spawn': [ '7.0.6' ],
25 silly audit   'css-in-js-utils': [ '3.1.0' ],
25 silly audit   'css-select': [ '5.2.2' ],
25 silly audit   'css-tree': [ '1.1.3' ],
25 silly audit   'source-map': [ '0.6.1', '0.5.7' ],
25 silly audit   'css-what': [ '6.2.2' ],
25 silly audit   csstype: [ '3.2.3' ],
25 silly audit   'deep-extend': [ '0.6.0' ],
25 silly audit   deepmerge: [ '4.3.1' ],
25 silly audit   defaults: [ '1.0.4' ],
25 silly audit   'define-lazy-prop': [ '2.0.0' ],
25 silly audit   depd: [ '2.0.0' ],
25 silly audit   destroy: [ '1.2.0' ],
25 silly audit   'detect-libc': [ '2.1.2' ],
25 silly audit   'dom-serializer': [ '2.0.0' ],
25 silly audit   domelementtype: [ '2.3.0' ],
25 silly audit   domhandler: [ '5.0.3' ],
25 silly audit   domutils: [ '3.2.2' ],
25 silly audit   dotenv: [ '16.4.7' ],
25 silly audit   'dotenv-expand': [ '11.0.7' ],
25 silly audit   'ee-first': [ '1.1.1' ],
25 silly audit   'electron-to-chromium': [ '1.5.331' ],
25 silly audit   'emoji-regex': [ '8.0.0' ],
25 silly audit   encodeurl: [ '1.0.2', '2.0.0' ],
25 silly audit   entities: [ '4.5.0' ],
25 silly audit   'env-editor': [ '0.4.2' ],
25 silly audit   'error-stack-parser': [ '2.1.4' ],
25 silly audit   escalade: [ '3.2.0' ],
25 silly audit   'escape-html': [ '1.0.3' ],
25 silly audit   esprima: [ '4.0.1' ],
25 silly audit   etag: [ '1.8.1' ],
25 silly audit   'event-target-shim': [ '5.0.1' ],
25 silly audit   expo: [ '54.0.33' ],
25 silly audit   'expo-gl': [ '55.0.10' ],
25 silly audit   'expo-modules-autolinking': [ '3.0.24' ],
25 silly audit   'expo-modules-core': [ '3.0.29' ],
25 silly audit   'expo-server': [ '1.0.5' ],
25 silly audit   'expo-status-bar': [ '3.0.9' ],
25 silly audit   'expo-system-ui': [ '55.0.11' ],
25 silly audit   '@expo/cli': [ '54.0.23' ],
25 silly audit   '@expo/prebuild-config': [ '54.0.8' ],
25 silly audit   '@expo/metro-config': [ '54.0.14' ],
25 silly audit   '@expo/vector-icons': [ '15.1.1' ],
25 silly audit   'expo-asset': [ '12.0.12' ],
25 silly audit   'expo-constants': [ '18.0.13' ],
25 silly audit   'expo-file-system': [ '19.0.21' ],
25 silly audit   'expo-font': [ '14.0.11' ],
25 silly audit   'expo-keep-awake': [ '15.0.8' ],
25 silly audit   picomatch: [ '3.0.2', '2.3.2', '4.0.4' ],
25 silly audit   'exponential-backoff': [ '3.1.3' ],
25 silly audit   'fast-json-stable-stringify': [ '2.1.0' ],
25 silly audit   'fb-watchman': [ '2.0.2' ],
25 silly audit   fbjs: [ '3.0.5' ],
25 silly audit   'fbjs-css-vars': [ '1.0.2' ],
25 silly audit   promise: [ '7.3.1', '8.3.0' ],
25 silly audit   'fill-range': [ '7.1.1' ],
25 silly audit   finalhandler: [ '1.1.2' ],
25 silly audit   'find-up': [ '4.1.0' ],
25 silly audit   'flow-enums-runtime': [ '0.0.6' ],
25 silly audit   fontfaceobserver: [ '2.3.0' ],
25 silly audit   'freeport-async': [ '2.0.0' ],
25 silly audit   fresh: [ '0.5.2' ],
25 silly audit   'fs.realpath': [ '1.0.0' ],
25 silly audit   fsevents: [ '2.3.3' ],
25 silly audit   'function-bind': [ '1.1.2' ],
25 silly audit   gensync: [ '1.0.0-beta.2' ],
25 silly audit   'get-caller-file': [ '2.0.5' ],
25 silly audit   'get-package-type': [ '0.1.0' ],
25 silly audit   getenv: [ '2.0.0' ],
25 silly audit   'graceful-fs': [ '4.2.11' ],
25 silly audit   hasown: [ '2.0.2' ],
25 silly audit   'hosted-git-info': [ '7.0.2' ],
25 silly audit   'lru-cache': [ '10.4.3', '5.1.1', '11.2.7' ],
25 silly audit   'http-errors': [ '2.0.1' ],
25 silly audit   statuses: [ '2.0.2', '1.5.0' ],
25 silly audit   'https-proxy-agent': [ '7.0.6' ],
25 silly audit   'hyphenate-style-name': [ '1.1.0' ],
25 silly audit   idb: [ '8.0.3' ],
25 silly audit   ieee754: [ '1.2.1' ],
25 silly audit   ignore: [ '5.3.2' ],
25 silly audit   'image-size': [ '1.2.1' ],
25 silly audit   imurmurhash: [ '0.1.4' ],
25 silly audit   inflight: [ '1.0.6' ],
25 silly audit   inherits: [ '2.0.4' ],
25 silly audit   ini: [ '1.3.8' ],
25 silly audit   'inline-style-prefixer': [ '7.0.1' ],
25 silly audit   invariant: [ '2.2.4' ],
25 silly audit   'is-core-module': [ '2.16.1' ],
25 silly audit   'is-docker': [ '2.2.1' ],
25 silly audit   'is-fullwidth-code-point': [ '3.0.0' ],
25 silly audit   'is-number': [ '7.0.0' ],
25 silly audit   'is-wsl': [ '2.2.0' ],
25 silly audit   isexe: [ '2.0.0' ],
25 silly audit   'istanbul-lib-coverage': [ '3.2.2' ],
25 silly audit   'istanbul-lib-instrument': [ '5.2.1' ],
25 silly audit   'its-fine': [ '2.0.0' ],
25 silly audit   'jest-environment-node': [ '29.7.0' ],
25 silly audit   'jest-get-type': [ '29.6.3' ],
25 silly audit   'jest-haste-map': [ '29.7.0' ],
25 silly audit   'jest-message-util': [ '29.7.0' ],
25 silly audit   'jest-mock': [ '29.7.0' ],
25 silly audit   'jest-regex-util': [ '29.6.3' ],
25 silly audit   'jest-util': [ '29.7.0' ],
25 silly audit   'jest-validate': [ '29.7.0' ],
25 silly audit   'jest-worker': [ '29.7.0' ],
25 silly audit   'jimp-compact': [ '0.16.1' ],
25 silly audit   'js-tokens': [ '4.0.0' ],
25 silly audit   'jsc-safe-url': [ '0.2.4' ],
25 silly audit   jsesc: [ '3.1.0' ],
25 silly audit   json5: [ '2.2.3' ],
25 silly audit   kleur: [ '3.0.3' ],
25 silly audit   'lan-network': [ '0.1.7' ],
25 silly audit   leven: [ '3.1.0' ],
25 silly audit   'lighthouse-logger': [ '1.4.2' ],
25 silly audit   lightningcss: [ '1.32.0' ],
25 silly audit   'lightningcss-android-arm64': [ '1.32.0' ],
25 silly audit   'lightningcss-darwin-arm64': [ '1.32.0' ],
25 silly audit   'lightningcss-darwin-x64': [ '1.32.0' ],
25 silly audit   'lightningcss-freebsd-x64': [ '1.32.0' ],
25 silly audit   'lightningcss-linux-arm-gnueabihf': [ '1.32.0' ],
25 silly audit   'lightningcss-linux-arm64-gnu': [ '1.32.0' ],
25 silly audit   'lightningcss-linux-arm64-musl': [ '1.32.0' ],
25 silly audit   'lightningcss-linux-x64-gnu': [ '1.32.0' ],
25 silly audit   'lightningcss-linux-x64-musl': [ '1.32.0' ],
25 silly audit   'lightningcss-win32-arm64-msvc': [ '1.32.0' ],
25 silly audit   'lightningcss-win32-x64-msvc': [ '1.32.0' ],
25 silly audit   'lines-and-columns': [ '1.2.4' ],
25 silly audit   'locate-path': [ '5.0.0' ],
25 silly audit   'lodash.debounce': [ '4.0.8' ],
25 silly audit   'lodash.throttle': [ '4.1.1' ],
25 silly audit   'log-symbols': [ '2.2.0' ],
25 silly audit   'loose-envify': [ '1.4.0' ],
25 silly audit   'lucide-react-native': [ '1.7.0' ],
25 silly audit   makeerror: [ '1.0.12' ],
25 silly audit   marky: [ '1.3.0' ],
25 silly audit   'mdn-data': [ '2.0.14' ],
25 silly audit   'memoize-one': [ '5.2.1', '6.0.0' ],
25 silly audit   'merge-stream': [ '2.0.0' ],
25 silly audit   metro: [ '0.83.3' ],
25 silly audit   'metro-babel-transformer': [ '0.83.3' ],
25 silly audit   'metro-cache': [ '0.83.3' ],
25 silly audit   'metro-cache-key': [ '0.83.3' ],
25 silly audit   'metro-config': [ '0.83.3' ],
25 silly audit   'metro-core': [ '0.83.3' ],
25 silly audit   'metro-file-map': [ '0.83.3' ],
25 silly audit   'metro-minify-terser': [ '0.83.3' ],
25 silly audit   'metro-resolver': [ '0.83.3' ],
25 silly audit   'metro-runtime': [ '0.83.3' ],
25 silly audit   'metro-source-map': [ '0.83.3' ],
25 silly audit   'metro-symbolicate': [ '0.83.3' ],
25 silly audit   'metro-transform-plugins': [ '0.83.3' ],
25 silly audit   'metro-transform-worker': [ '0.83.3' ],
25 silly audit   micromatch: [ '4.0.8' ],
25 silly audit   mime: [ '1.6.0' ],
25 silly audit   'mime-db': [ '1.52.0' ],
25 silly audit   'mime-types': [ '2.1.35' ],
25 silly audit   'mimic-fn': [ '1.2.0' ],
25 silly audit   minimist: [ '1.2.8' ],
25 silly audit   minipass: [ '7.1.3' ],
25 silly audit   minizlib: [ '3.1.0' ],
25 silly audit   mkdirp: [ '1.0.4' ],
25 silly audit   mz: [ '2.7.0' ],
25 silly audit   nanoid: [ '3.3.11' ],
25 silly audit   'nested-error-stacks': [ '2.0.1' ],
25 silly audit   'node-fetch': [ '2.7.0' ],
25 silly audit   'node-forge': [ '1.4.0' ],
25 silly audit   'node-int64': [ '0.4.0' ],
25 silly audit   'node-releases': [ '2.0.37' ],
25 silly audit   'normalize-path': [ '3.0.0' ],
25 silly audit   'npm-package-arg': [ '11.0.3' ],
25 silly audit   'nth-check': [ '2.1.1' ],
25 silly audit   nullthrows: [ '1.1.1' ],
25 silly audit   ob1: [ '0.83.3' ],
25 silly audit   'object-assign': [ '4.1.1' ],
25 silly audit   'on-finished': [ '2.3.0', '2.4.1' ],
25 silly audit   'on-headers': [ '1.1.0' ],
25 silly audit   once: [ '1.4.0' ],
25 silly audit   onetime: [ '2.0.1' ],
25 silly audit   ora: [ '3.4.0' ],
25 silly audit   'strip-ansi': [ '5.2.0', '6.0.1' ],
25 silly audit   'p-limit': [ '3.1.0', '2.3.0' ],
25 silly audit   'p-locate': [ '4.1.0' ],
25 silly audit   'p-try': [ '2.2.0' ],
25 silly audit   'parse-png': [ '2.1.0' ],
25 silly audit   parseurl: [ '1.3.3' ],
25 silly audit   'path-exists': [ '4.0.0' ],
25 silly audit   'path-is-absolute': [ '1.0.1' ],
25 silly audit   'path-key': [ '3.1.1' ],
25 silly audit   'path-parse': [ '1.0.7' ],
25 silly audit   'path-scurry': [ '2.0.2' ],
25 silly audit   picocolors: [ '1.1.1' ],
25 silly audit   pirates: [ '4.0.7' ],
25 silly audit   plist: [ '3.1.0' ],
25 silly audit   pngjs: [ '3.4.0' ],
25 silly audit   postcss: [ '8.4.49' ],
25 silly audit   'postcss-value-parser': [ '4.2.0' ],
25 silly audit   'pretty-bytes': [ '5.6.0' ],
25 silly audit   'pretty-format': [ '29.7.0' ],
25 silly audit   'proc-log': [ '4.2.0' ],
25 silly audit   progress: [ '2.0.3' ],
25 silly audit   prompts: [ '2.4.2' ],
25 silly audit   punycode: [ '2.3.1' ],
25 silly audit   'qrcode-terminal': [ '0.11.0' ],
25 silly audit   queue: [ '6.0.2' ],
25 silly audit   'range-parser': [ '1.2.1' ],
25 silly audit   rc: [ '1.2.8' ],
25 silly audit   react: [ '19.1.0' ],
25 silly audit   'react-devtools-core': [ '6.1.5' ],
25 silly audit   'react-dom': [ '19.2.4' ],
25 silly audit   'react-is': [ '18.3.1' ],
25 silly audit   'react-native': [ '0.81.5' ],
25 silly audit   'react-native-is-edge-to-edge': [ '1.3.1' ],
25 silly audit   'react-native-svg': [ '15.15.4' ],
25 silly audit   'react-native-web': [ '0.21.2' ],
25 silly audit   '@react-native/virtualized-lists': [ '0.81.5' ],
25 silly audit   'react-refresh': [ '0.14.2' ],
25 silly audit   regenerate: [ '1.4.2' ],
25 silly audit   'regenerate-unicode-properties': [ '10.2.2' ],
25 silly audit   'regenerator-runtime': [ '0.13.11' ],
25 silly audit   'regexpu-core': [ '6.4.0' ],
25 silly audit   regjsgen: [ '0.8.0' ],
25 silly audit   regjsparser: [ '0.13.0' ],
25 silly audit   'require-directory': [ '2.1.1' ],
25 silly audit   'require-from-string': [ '2.0.2' ],
25 silly audit   requireg: [ '0.2.2' ],
25 silly audit   resolve: [ '1.7.1', '1.22.11' ],
25 silly audit   'resolve-from': [ '5.0.0' ],
25 silly audit   'resolve-workspace-root': [ '2.0.1' ],
25 silly audit   'resolve.exports': [ '2.0.3' ],
25 silly audit   'restore-cursor': [ '2.0.0' ],
25 silly audit   rimraf: [ '3.0.2' ],
25 silly audit   'safe-buffer': [ '5.2.1' ],
25 silly audit   sax: [ '1.6.0' ],
25 silly audit   send: [ '0.19.2' ],
25 silly audit   'serialize-error': [ '2.1.0' ],
25 silly audit   'serve-static': [ '1.16.3' ],
25 silly audit   setimmediate: [ '1.0.5' ],
25 silly audit   setprototypeof: [ '1.2.0' ],
25 silly audit   'shebang-command': [ '2.0.0' ],
25 silly audit   'shebang-regex': [ '3.0.0' ],
25 silly audit   'shell-quote': [ '1.8.3' ],
25 silly audit   'signal-exit': [ '3.0.7' ],
25 silly audit   'simple-plist': [ '1.3.1' ],
25 silly audit   sisteransi: [ '1.0.5' ],
25 silly audit   slash: [ '3.0.0' ],
25 silly audit   slugify: [ '1.6.9' ],
25 silly audit   'source-map-js': [ '1.2.1' ],
25 silly audit   'source-map-support': [ '0.5.21' ],
25 silly audit   'sprintf-js': [ '1.0.3' ],
25 silly audit   'stack-utils': [ '2.0.6' ],
25 silly audit   stackframe: [ '1.3.4' ],
25 silly audit   'stacktrace-parser': [ '0.1.11' ],
25 silly audit   'stream-buffers': [ '2.2.0' ],
25 silly audit   'string-width': [ '4.2.3' ],
25 silly audit   'strip-json-comments': [ '2.0.1' ],
25 silly audit   'structured-headers': [ '0.4.1' ],
25 silly audit   styleq: [ '0.1.3' ],
25 silly audit   sucrase: [ '3.35.1' ],
25 silly audit   'supports-hyperlinks': [ '2.3.0' ],
25 silly audit   'supports-preserve-symlinks-flag': [ '1.0.0' ],
25 silly audit   'suspend-react': [ '0.1.3' ],
25 silly audit   tar: [ '7.5.13' ],
25 silly audit   yallist: [ '5.0.0', '3.1.1' ],
25 silly audit   'terminal-link': [ '2.1.1' ],
25 silly audit   terser: [ '5.46.1' ],
25 silly audit   'test-exclude': [ '6.0.0' ],
25 silly audit   thenify: [ '3.3.1' ],
25 silly audit   'thenify-all': [ '1.6.0' ],
25 silly audit   three: [ '0.183.2' ],
25 silly audit   throat: [ '5.0.0' ],
25 silly audit   tinyglobby: [ '0.2.15' ],
25 silly audit   fdir: [ '6.5.0' ],
25 silly audit   tmpl: [ '1.0.5' ],
25 silly audit   'to-regex-range': [ '5.0.1' ],
25 silly audit   toidentifier: [ '1.0.1' ],
25 silly audit   tr46: [ '0.0.3' ],
25 silly audit   'ts-interface-checker': [ '0.1.13' ],
25 silly audit   'type-detect': [ '4.0.8' ],
25 silly audit   typescript: [ '5.9.3' ],
25 silly audit   'ua-parser-js': [ '1.0.41' ],
25 silly audit   undici: [ '6.24.1' ],
25 silly audit   'undici-types': [ '7.18.2' ],
25 silly audit   'unicode-canonical-property-names-ecmascript': [ '2.0.1' ],
25 silly audit   'unicode-match-property-ecmascript': [ '2.0.0' ],
25 silly audit   'unicode-match-property-value-ecmascript': [ '2.2.1' ],
25 silly audit   'unicode-property-aliases-ecmascript': [ '2.2.0' ],
25 silly audit   unpipe: [ '1.0.0' ],
25 silly audit   'update-browserslist-db': [ '1.2.3' ],
25 silly audit   'use-sync-external-store': [ '1.6.0' ],
25 silly audit   'utils-merge': [ '1.0.1' ],
25 silly audit   uuid: [ '7.0.3' ],
25 silly audit   'validate-npm-package-name': [ '5.0.1' ],
25 silly audit   vary: [ '1.1.2' ],
25 silly audit   vlq: [ '1.0.1' ],
25 silly audit   walker: [ '1.0.8' ],
25 silly audit   'warn-once': [ '0.1.1' ],
25 silly audit   wcwidth: [ '1.0.1' ],
25 silly audit   'webidl-conversions': [ '5.0.0', '3.0.1' ],
25 silly audit   'whatwg-fetch': [ '3.6.20' ],
25 silly audit   'whatwg-url': [ '5.0.0' ],
25 silly audit   'whatwg-url-without-unicode': [ '8.0.0-3' ],
25 silly audit   which: [ '2.0.2' ],
25 silly audit   wonka: [ '6.3.6' ],
25 silly audit   'wrap-ansi': [ '7.0.0' ],
25 silly audit   wrappy: [ '1.0.2' ],
25 silly audit   'write-file-atomic': [ '4.0.2' ],
25 silly audit   xcode: [ '3.0.1' ],
25 silly audit   xml2js: [ '0.6.0' ],
25 silly audit   xmlbuilder: [ '11.0.1', '15.1.1' ],
25 silly audit   y18n: [ '5.0.8' ],
25 silly audit   yaml: [ '2.8.3' ],
25 silly audit   yargs: [ '17.7.2' ],
25 silly audit   'yargs-parser': [ '21.1.1' ],
25 silly audit   'yocto-queue': [ '0.1.0' ],
25 silly audit   zustand: [ '5.0.12' ],
25 silly audit   'babel-plugin-transform-import-meta': [ '2.3.3' ],
25 silly audit   tslib: [ '2.8.1' ]
25 silly audit }
26 http cache tslib@https://registry.npmjs.org/tslib/-/tslib-2.8.1.tgz 1ms (cache hit)
27 http cache babel-plugin-transform-import-meta@https://registry.npmjs.org/babel-plugin-transform-import-meta/-/babel-plugin-transform-import-meta-2.3.3.tgz 0ms (cache hit)
28 silly tarball no local data for tslib@https://registry.npmjs.org/tslib/-/tslib-2.8.1.tgz. Extracting by manifest.
29 silly tarball no local data for babel-plugin-transform-import-meta@https://registry.npmjs.org/babel-plugin-transform-import-meta/-/babel-plugin-transform-import-meta-2.3.3.tgz. Extracting by manifest.
30 http fetch POST 200 https://registry.npmjs.org/-/npm/v1/security/advisories/bulk 211ms
31 silly audit report {}
32 http fetch GET 200 https://registry.npmjs.org/babel-plugin-transform-import-meta/-/babel-plugin-transform-import-meta-2.3.3.tgz 413ms (cache miss)
33 http fetch GET 200 https://registry.npmjs.org/tslib/-/tslib-2.8.1.tgz 415ms (cache miss)
34 silly ADD node_modules/tslib
35 silly ADD node_modules/babel-plugin-transform-import-meta
36 verbose cwd /Volumes/Will of D/Cloude Code Database/gsd-new
37 verbose os Darwin 25.2.0
38 verbose node v24.14.0
39 verbose npm  v11.9.0
40 verbose exit 0
41 info ok
