0 verbose cli /Users/msv/.nvm/versions/node/v24.14.0/bin/node /usr/local/bin/npm
1 info using npm@11.9.0
2 info using node@v24.14.0
3 silly config load:file:/usr/local/lib/node_modules/npm/npmrc
4 silly config load:file:/Volumes/Will of D/Cloude Code Database/gsd-new/.npmrc
5 silly config load:file:/Users/msv/.npmrc
6 silly config load:file:/Users/msv/.nvm/versions/node/v24.14.0/etc/npmrc
7 verbose title npm install @nozbe/watermelondb @nozbe/with-observables expo-sqlite@~15.1.1
8 verbose argv "install" "@nozbe/watermelondb" "@nozbe/with-observables" "expo-sqlite@~15.1.1" "--cache" "./.npm-cache" "--legacy-peer-deps" "--prefer-offline"
9 verbose logfile logs-max:10 dir:/Volumes/Will of D/Cloude Code Database/gsd-new/.npm-cache/_logs/2026-04-02T20_17_16_923Z-
10 verbose logfile /Volumes/Will of D/Cloude Code Database/gsd-new/.npm-cache/_logs/2026-04-02T20_17_16_923Z-debug-0.log
11 silly logfile done cleaning log files
12 silly packumentCache heap:4496293888 maxSize:1124073472 maxEntrySize:562036736
13 silly idealTree buildDeps
14 silly fetch manifest @nozbe/watermelondb@*
15 silly packumentCache full:https://registry.npmjs.org/@nozbe%2fwatermelondb cache-miss
16 http cache https://registry.npmjs.org/@nozbe%2fwatermelondb 59ms (cache hit)
17 silly packumentCache full:https://registry.npmjs.org/@nozbe%2fwatermelondb set size:1258654 disposed:false
18 silly fetch manifest @nozbe/with-observables@*
19 silly packumentCache full:https://registry.npmjs.org/@nozbe%2fwith-observables cache-miss
20 http cache https://registry.npmjs.org/@nozbe%2fwith-observables 2ms (cache hit)
21 silly packumentCache full:https://registry.npmjs.org/@nozbe%2fwith-observables set size:181415 disposed:false
22 silly fetch manifest expo-sqlite@~15.1.1
23 silly packumentCache full:https://registry.npmjs.org/expo-sqlite cache-miss
24 http fetch GET 200 https://registry.npmjs.org/expo-sqlite 412ms (cache miss)
25 silly packumentCache full:https://registry.npmjs.org/expo-sqlite set size:undefined disposed:false
26 silly placeDep ROOT @nozbe/watermelondb@0.28.0 OK for: aegis-fleet-orchestrator@1.0.0 want: *
27 silly placeDep ROOT @nozbe/with-observables@1.6.0 OK for: aegis-fleet-orchestrator@1.0.0 want: *
28 silly placeDep ROOT expo-sqlite@15.1.4 OK for: aegis-fleet-orchestrator@1.0.0 want: ~15.1.1
29 silly fetch manifest rxjs@^7.8.1
30 silly packumentCache full:https://registry.npmjs.org/rxjs cache-miss
31 silly fetch manifest lokijs@npm:@nozbe/lokijs@1.5.12-wmelon6
32 silly packumentCache full:https://registry.npmjs.org/@nozbe%2flokijs cache-miss
33 silly fetch manifest @nozbe/sqlite@3.46.0
34 silly packumentCache full:https://registry.npmjs.org/@nozbe%2fsqlite cache-miss
35 silly fetch manifest @babel/runtime@7.26.0
36 silly packumentCache full:https://registry.npmjs.org/@babel%2fruntime cache-miss
37 silly fetch manifest @nozbe/simdjson@3.9.4
38 silly packumentCache full:https://registry.npmjs.org/@nozbe%2fsimdjson cache-miss
39 silly fetch manifest sql-escape-string@^1.1.0
40 silly packumentCache full:https://registry.npmjs.org/sql-escape-string cache-miss
41 silly fetch manifest hoist-non-react-statics@^3.3.2
42 silly packumentCache full:https://registry.npmjs.org/hoist-non-react-statics cache-miss
43 silly fetch manifest hoist-non-react-statics@^3.3.2
44 silly packumentCache full:https://registry.npmjs.org/hoist-non-react-statics cache-miss
45 http fetch GET 200 https://registry.npmjs.org/rxjs 168ms (cache miss)
46 silly packumentCache full:https://registry.npmjs.org/rxjs set size:undefined disposed:false
47 http fetch GET 200 https://registry.npmjs.org/hoist-non-react-statics 694ms (cache miss)
48 silly packumentCache full:https://registry.npmjs.org/hoist-non-react-statics set size:undefined disposed:false
49 http fetch GET 200 https://registry.npmjs.org/hoist-non-react-statics 696ms (cache miss)
50 silly packumentCache full:https://registry.npmjs.org/hoist-non-react-statics set size:undefined disposed:false
51 http fetch GET 200 https://registry.npmjs.org/@babel%2fruntime 767ms (cache miss)
52 silly packumentCache full:https://registry.npmjs.org/@babel%2fruntime set size:undefined disposed:false
53 http fetch GET 200 https://registry.npmjs.org/sql-escape-string 830ms (cache miss)
54 silly packumentCache full:https://registry.npmjs.org/sql-escape-string set size:undefined disposed:false
55 http fetch GET 200 https://registry.npmjs.org/@nozbe%2fsimdjson 1040ms (cache miss)
56 silly packumentCache full:https://registry.npmjs.org/@nozbe%2fsimdjson set size:undefined disposed:false
57 http fetch GET 200 https://registry.npmjs.org/@nozbe%2fsqlite 1142ms (cache miss)
58 silly packumentCache full:https://registry.npmjs.org/@nozbe%2fsqlite set size:undefined disposed:false
59 http fetch GET 200 https://registry.npmjs.org/@nozbe%2flokijs 1305ms (cache miss)
60 silly packumentCache full:https://registry.npmjs.org/@nozbe%2flokijs set size:undefined disposed:false
61 silly placeDep node_modules/@nozbe/watermelondb @babel/runtime@7.26.0 OK for: @nozbe/watermelondb@0.28.0 want: 7.26.0
62 silly placeDep ROOT @nozbe/simdjson@3.9.4 OK for: @nozbe/watermelondb@0.28.0 want: 3.9.4
63 silly placeDep ROOT @nozbe/sqlite@3.46.0 OK for: @nozbe/watermelondb@0.28.0 want: 3.46.0
64 silly placeDep ROOT hoist-non-react-statics@3.3.2 OK for: @nozbe/watermelondb@0.28.0 want: ^3.3.2
65 silly placeDep ROOT lokijs@1.5.12-wmelon6 OK for: @nozbe/watermelondb@0.28.0 want: npm:@nozbe/lokijs@1.5.12-wmelon6
66 silly placeDep ROOT rxjs@7.8.2 OK for: @nozbe/watermelondb@0.28.0 want: ^7.8.1
67 silly placeDep ROOT sql-escape-string@1.1.0 OK for: @nozbe/watermelondb@0.28.0 want: ^1.1.0
68 silly fetch manifest regenerator-runtime@^0.14.0
69 silly packumentCache full:https://registry.npmjs.org/regenerator-runtime cache-miss
70 silly fetch manifest react-is@^16.7.0
71 silly packumentCache full:https://registry.npmjs.org/react-is cache-miss
72 http fetch GET 200 https://registry.npmjs.org/regenerator-runtime 69ms (cache miss)
73 silly packumentCache full:https://registry.npmjs.org/regenerator-runtime set size:undefined disposed:false
74 http fetch GET 200 https://registry.npmjs.org/react-is 367ms (cache miss)
75 silly packumentCache full:https://registry.npmjs.org/react-is set size:undefined disposed:false
76 silly placeDep node_modules/hoist-non-react-statics react-is@16.13.1 OK for: hoist-non-react-statics@3.3.2 want: ^16.7.0
77 silly placeDep node_modules/@nozbe/watermelondb regenerator-runtime@0.14.1 OK for: @babel/runtime@7.26.0 want: ^0.14.0
78 silly reify moves {}
79 silly audit bulk request {
79 silly audit   '@0no-co/graphql.web': [ '1.2.0' ],
79 silly audit   '@babel/code-frame': [ '7.10.4', '7.29.0' ],
79 silly audit   '@babel/compat-data': [ '7.29.0' ],
79 silly audit   '@babel/core': [ '7.29.0' ],
79 silly audit   semver: [ '6.3.1', '7.7.4' ],
79 silly audit   '@babel/generator': [ '7.29.1' ],
79 silly audit   '@babel/helper-annotate-as-pure': [ '7.27.3' ],
79 silly audit   '@babel/helper-compilation-targets': [ '7.28.6' ],
79 silly audit   '@babel/helper-create-class-features-plugin': [ '7.28.6' ],
79 silly audit   '@babel/helper-create-regexp-features-plugin': [ '7.28.5' ],
79 silly audit   '@babel/helper-define-polyfill-provider': [ '0.6.8' ],
79 silly audit   '@babel/helper-globals': [ '7.28.0' ],
79 silly audit   '@babel/helper-member-expression-to-functions': [ '7.28.5' ],
79 silly audit   '@babel/helper-module-imports': [ '7.28.6' ],
79 silly audit   '@babel/helper-module-transforms': [ '7.28.6' ],
79 silly audit   '@babel/helper-optimise-call-expression': [ '7.27.1' ],
79 silly audit   '@babel/helper-plugin-utils': [ '7.28.6' ],
79 silly audit   '@babel/helper-remap-async-to-generator': [ '7.27.1' ],
79 silly audit   '@babel/helper-replace-supers': [ '7.28.6' ],
79 silly audit   '@babel/helper-skip-transparent-expression-wrappers': [ '7.27.1' ],
79 silly audit   '@babel/helper-string-parser': [ '7.27.1' ],
79 silly audit   '@babel/helper-validator-identifier': [ '7.28.5' ],
79 silly audit   '@babel/helper-validator-option': [ '7.27.1' ],
79 silly audit   '@babel/helper-wrap-function': [ '7.28.6' ],
79 silly audit   '@babel/helpers': [ '7.29.2' ],
79 silly audit   '@babel/highlight': [ '7.25.9' ],
79 silly audit   '@babel/parser': [ '7.29.2' ],
79 silly audit   '@babel/plugin-proposal-decorators': [ '7.29.0' ],
79 silly audit   '@babel/plugin-proposal-export-default-from': [ '7.27.1' ],
79 silly audit   '@babel/plugin-syntax-async-generators': [ '7.8.4' ],
79 silly audit   '@babel/plugin-syntax-bigint': [ '7.8.3' ],
79 silly audit   '@babel/plugin-syntax-class-properties': [ '7.12.13' ],
79 silly audit   '@babel/plugin-syntax-class-static-block': [ '7.14.5' ],
79 silly audit   '@babel/plugin-syntax-decorators': [ '7.28.6' ],
79 silly audit   '@babel/plugin-syntax-dynamic-import': [ '7.8.3' ],
79 silly audit   '@babel/plugin-syntax-export-default-from': [ '7.28.6' ],
79 silly audit   '@babel/plugin-syntax-flow': [ '7.28.6' ],
79 silly audit   '@babel/plugin-syntax-import-attributes': [ '7.28.6' ],
79 silly audit   '@babel/plugin-syntax-import-meta': [ '7.10.4' ],
79 silly audit   '@babel/plugin-syntax-json-strings': [ '7.8.3' ],
79 silly audit   '@babel/plugin-syntax-jsx': [ '7.28.6' ],
79 silly audit   '@babel/plugin-syntax-logical-assignment-operators': [ '7.10.4' ],
79 silly audit   '@babel/plugin-syntax-nullish-coalescing-operator': [ '7.8.3' ],
79 silly audit   '@babel/plugin-syntax-numeric-separator': [ '7.10.4' ],
79 silly audit   '@babel/plugin-syntax-object-rest-spread': [ '7.8.3' ],
79 silly audit   '@babel/plugin-syntax-optional-catch-binding': [ '7.8.3' ],
79 silly audit   '@babel/plugin-syntax-optional-chaining': [ '7.8.3' ],
79 silly audit   '@babel/plugin-syntax-private-property-in-object': [ '7.14.5' ],
79 silly audit   '@babel/plugin-syntax-top-level-await': [ '7.14.5' ],
79 silly audit   '@babel/plugin-syntax-typescript': [ '7.28.6' ],
79 silly audit   '@babel/plugin-transform-arrow-functions': [ '7.27.1' ],
79 silly audit   '@babel/plugin-transform-async-generator-functions': [ '7.29.0' ],
79 silly audit   '@babel/plugin-transform-async-to-generator': [ '7.28.6' ],
79 silly audit   '@babel/plugin-transform-block-scoping': [ '7.28.6' ],
79 silly audit   '@babel/plugin-transform-class-properties': [ '7.28.6' ],
79 silly audit   '@babel/plugin-transform-class-static-block': [ '7.28.6' ],
79 silly audit   '@babel/plugin-transform-classes': [ '7.28.6' ],
79 silly audit   '@babel/plugin-transform-computed-properties': [ '7.28.6' ],
79 silly audit   '@babel/plugin-transform-destructuring': [ '7.28.5' ],
79 silly audit   '@babel/plugin-transform-export-namespace-from': [ '7.27.1' ],
79 silly audit   '@babel/plugin-transform-flow-strip-types': [ '7.27.1' ],
79 silly audit   '@babel/plugin-transform-for-of': [ '7.27.1' ],
79 silly audit   '@babel/plugin-transform-function-name': [ '7.27.1' ],
79 silly audit   '@babel/plugin-transform-literals': [ '7.27.1' ],
79 silly audit   '@babel/plugin-transform-logical-assignment-operators': [ '7.28.6' ],
79 silly audit   '@babel/plugin-transform-modules-commonjs': [ '7.28.6' ],
79 silly audit   '@babel/plugin-transform-named-capturing-groups-regex': [ '7.29.0' ],
79 silly audit   '@babel/plugin-transform-nullish-coalescing-operator': [ '7.28.6' ],
79 silly audit   '@babel/plugin-transform-numeric-separator': [ '7.28.6' ],
79 silly audit   '@babel/plugin-transform-object-rest-spread': [ '7.28.6' ],
79 silly audit   '@babel/plugin-transform-optional-catch-binding': [ '7.28.6' ],
79 silly audit   '@babel/plugin-transform-optional-chaining': [ '7.28.6' ],
79 silly audit   '@babel/plugin-transform-parameters': [ '7.27.7' ],
79 silly audit   '@babel/plugin-transform-private-methods': [ '7.28.6' ],
79 silly audit   '@babel/plugin-transform-private-property-in-object': [ '7.28.6' ],
79 silly audit   '@babel/plugin-transform-react-display-name': [ '7.28.0' ],
79 silly audit   '@babel/plugin-transform-react-jsx': [ '7.28.6' ],
79 silly audit   '@babel/plugin-transform-react-jsx-development': [ '7.27.1' ],
79 silly audit   '@babel/plugin-transform-react-jsx-self': [ '7.27.1' ],
79 silly audit   '@babel/plugin-transform-react-jsx-source': [ '7.27.1' ],
79 silly audit   '@babel/plugin-transform-react-pure-annotations': [ '7.27.1' ],
79 silly audit   '@babel/plugin-transform-regenerator': [ '7.29.0' ],
79 silly audit   '@babel/plugin-transform-runtime': [ '7.29.0' ],
79 silly audit   '@babel/plugin-transform-shorthand-properties': [ '7.27.1' ],
79 silly audit   '@babel/plugin-transform-spread': [ '7.28.6' ],
79 silly audit   '@babel/plugin-transform-sticky-regex': [ '7.27.1' ],
79 silly audit   '@babel/plugin-transform-typescript': [ '7.28.6' ],
79 silly audit   '@babel/plugin-transform-unicode-regex': [ '7.27.1' ],
79 silly audit   '@babel/preset-react': [ '7.28.5' ],
79 silly audit   '@babel/preset-typescript': [ '7.28.5' ],
79 silly audit   '@babel/runtime': [ '7.29.2', '7.26.0' ],
79 silly audit   '@babel/template': [ '7.28.6' ],
79 silly audit   '@babel/traverse': [ '7.29.0' ],
79 silly audit   '@babel/types': [ '7.29.0' ],
79 silly audit   '@expo/code-signing-certificates': [ '0.0.6' ],
79 silly audit   '@expo/config': [ '12.0.13' ],
79 silly audit   '@expo/config-plugins': [ '54.0.4' ],
79 silly audit   'ansi-styles': [ '4.3.0', '3.2.1', '5.2.0' ],
79 silly audit   chalk: [ '4.1.2', '2.4.2' ],
79 silly audit   'color-convert': [ '2.0.1', '1.9.3' ],
79 silly audit   'color-name': [ '1.1.4', '1.1.3' ],
79 silly audit   'has-flag': [ '4.0.0', '3.0.0' ],
79 silly audit   'supports-color': [ '7.2.0', '8.1.1', '5.5.0' ],
79 silly audit   '@expo/config-types': [ '54.0.10' ],
79 silly audit   '@expo/devcert': [ '1.2.1' ],
79 silly audit   debug: [ '3.2.7', '2.6.9', '4.4.3' ],
79 silly audit   '@expo/devtools': [ '0.1.8' ],
79 silly audit   '@expo/dom-webview': [ '55.0.3' ],
79 silly audit   '@expo/env': [ '2.0.11' ],
79 silly audit   '@expo/fingerprint': [ '0.15.4' ],
79 silly audit   '@expo/image-utils': [ '0.8.12' ],
79 silly audit   '@expo/json-file': [ '10.0.12' ],
79 silly audit   '@expo/log-box': [ '55.0.8' ],
79 silly audit   '@expo/metro': [ '54.2.0' ],
79 silly audit   '@expo/metro-runtime': [ '55.0.7' ],
79 silly audit   '@expo/osascript': [ '2.4.2' ],
79 silly audit   '@expo/package-manager': [ '1.10.3' ],
79 silly audit   '@expo/plist': [ '0.4.8' ],
79 silly audit   '@expo/schema-utils': [ '0.1.8' ],
79 silly audit   '@expo/sdk-runtime-versions': [ '1.0.0' ],
79 silly audit   '@expo/spawn-async': [ '1.7.2' ],
79 silly audit   '@expo/sudo-prompt': [ '9.3.2' ],
79 silly audit   '@expo/ws-tunnel': [ '1.0.6' ],
79 silly audit   '@expo/xcpretty': [ '4.4.1' ],
79 silly audit   argparse: [ '2.0.1', '1.0.10' ],
79 silly audit   'js-yaml': [ '4.1.1', '3.14.2' ],
79 silly audit   '@isaacs/fs-minipass': [ '4.0.1' ],
79 silly audit   '@isaacs/ttlcache': [ '1.4.1' ],
79 silly audit   '@istanbuljs/load-nyc-config': [ '1.1.0' ],
79 silly audit   camelcase: [ '5.3.1', '6.3.0' ],
79 silly audit   '@istanbuljs/schema': [ '0.1.3' ],
79 silly audit   '@jest/create-cache-key-function': [ '29.7.0' ],
79 silly audit   '@jest/environment': [ '29.7.0' ],
79 silly audit   '@jest/fake-timers': [ '29.7.0' ],
79 silly audit   '@jest/schemas': [ '29.6.3' ],
79 silly audit   '@jest/transform': [ '29.7.0' ],
79 silly audit   '@jest/types': [ '29.6.3' ],
79 silly audit   '@jridgewell/gen-mapping': [ '0.3.13' ],
79 silly audit   '@jridgewell/remapping': [ '2.3.5' ],
79 silly audit   '@jridgewell/resolve-uri': [ '3.1.2' ],
79 silly audit   '@jridgewell/source-map': [ '0.3.11' ],
79 silly audit   '@jridgewell/sourcemap-codec': [ '1.5.5' ],
79 silly audit   '@jridgewell/trace-mapping': [ '0.3.31' ],
79 silly audit   '@react-native-async-storage/async-storage': [ '3.0.2' ],
79 silly audit   '@react-native/assets-registry': [ '0.81.5' ],
79 silly audit   '@react-native/babel-plugin-codegen': [ '0.81.5', '0.83.4' ],
79 silly audit   '@react-native/babel-preset': [ '0.81.5', '0.83.4' ],
79 silly audit   '@react-native/codegen': [ '0.81.5', '0.83.4' ],
79 silly audit   'brace-expansion': [ '1.1.13', '2.0.3', '5.0.5' ],
79 silly audit   glob: [ '7.2.3', '13.0.6' ],
79 silly audit   'hermes-estree': [ '0.29.1', '0.32.1', '0.32.0' ],
79 silly audit   'hermes-parser': [ '0.29.1', '0.32.1', '0.32.0' ],
79 silly audit   minimatch: [ '3.1.5', '10.2.5', '9.0.9' ],
79 silly audit   '@react-native/community-cli-plugin': [ '0.81.5' ],
79 silly audit   '@react-native/debugger-frontend': [ '0.81.5' ],
79 silly audit   '@react-native/dev-middleware': [ '0.81.5' ],
79 silly audit   ws: [ '6.2.3', '8.20.0', '7.5.10' ],
79 silly audit   '@react-native/gradle-plugin': [ '0.81.5' ],
79 silly audit   '@react-native/js-polyfills': [ '0.81.5' ],
79 silly audit   '@react-native/normalize-colors': [ '0.81.5', '0.83.4', '0.74.89' ],
79 silly audit   '@react-three/fiber': [ '9.5.0' ],
79 silly audit   buffer: [ '6.0.3', '5.7.1' ],
79 silly audit   'react-use-measure': [ '2.1.7' ],
79 silly audit   scheduler: [ '0.27.0', '0.26.0' ],
79 silly audit   zustand: [ '5.0.12', '4.5.5' ],
79 silly audit   '@sinclair/typebox': [ '0.27.10' ],
79 silly audit   '@sinonjs/commons': [ '3.0.1' ],
79 silly audit   '@sinonjs/fake-timers': [ '10.3.0' ],
79 silly audit   '@types/babel__core': [ '7.20.5' ],
79 silly audit   '@types/babel__generator': [ '7.27.0' ],
79 silly audit   '@types/babel__template': [ '7.4.4' ],
79 silly audit   '@types/babel__traverse': [ '7.28.0' ],
79 silly audit   '@types/graceful-fs': [ '4.1.9' ],
79 silly audit   '@types/istanbul-lib-coverage': [ '2.0.6' ],
79 silly audit   '@types/istanbul-lib-report': [ '3.0.3' ],
79 silly audit   '@types/istanbul-reports': [ '3.0.4' ],
79 silly audit   '@types/node': [ '25.5.0' ],
79 silly audit   '@types/react': [ '19.1.17' ],
79 silly audit   '@types/react-reconciler': [ '0.28.9' ],
79 silly audit   '@types/stack-utils': [ '2.0.3' ],
79 silly audit   '@types/webxr': [ '0.5.24' ],
79 silly audit   '@types/yargs': [ '17.0.35' ],
79 silly audit   '@types/yargs-parser': [ '21.0.3' ],
79 silly audit   '@ungap/structured-clone': [ '1.3.0' ],
79 silly audit   '@urql/core': [ '5.2.0' ],
79 silly audit   '@urql/exchange-retry': [ '1.3.2' ],
79 silly audit   '@xmldom/xmldom': [ '0.8.12' ],
79 silly audit   'abort-controller': [ '3.0.0' ],
79 silly audit   accepts: [ '1.3.8' ],
79 silly audit   acorn: [ '8.16.0' ],
79 silly audit   'agent-base': [ '7.1.4' ],
79 silly audit   anser: [ '1.4.10' ],
79 silly audit   'ansi-escapes': [ '4.3.2' ],
79 silly audit   'type-fest': [ '0.21.3', '0.7.1' ],
79 silly audit   'ansi-regex': [ '5.0.1', '4.1.1' ],
79 silly audit   'any-promise': [ '1.3.0' ],
79 silly audit   anymatch: [ '3.1.3' ],
79 silly audit   arg: [ '5.0.2' ],
79 silly audit   asap: [ '2.0.6' ],
79 silly audit   'async-limiter': [ '1.0.1' ],
79 silly audit   'babel-jest': [ '29.7.0' ],
79 silly audit   'babel-plugin-istanbul': [ '6.1.1' ],
79 silly audit   'babel-plugin-jest-hoist': [ '29.6.3' ],
79 silly audit   'babel-plugin-polyfill-corejs2': [ '0.4.17' ],
79 silly audit   'babel-plugin-polyfill-corejs3': [ '0.13.0' ],
79 silly audit   'babel-plugin-polyfill-regenerator': [ '0.6.8' ],
79 silly audit   'babel-plugin-react-compiler': [ '1.0.0' ],
79 silly audit   'babel-plugin-react-native-web': [ '0.21.2' ],
79 silly audit   'babel-plugin-syntax-hermes-parser': [ '0.29.1', '0.32.0', '0.32.1' ],
79 silly audit   'babel-plugin-transform-flow-enums': [ '0.0.2' ],
79 silly audit   'babel-plugin-transform-import-meta': [ '2.3.3' ],
79 silly audit   'babel-preset-current-node-syntax': [ '1.2.0' ],
79 silly audit   'babel-preset-expo': [ '55.0.14', '54.0.10' ],
79 silly audit   'babel-preset-jest': [ '29.6.3' ],
79 silly audit   'balanced-match': [ '1.0.2', '4.0.4' ],
79 silly audit   'base64-js': [ '1.5.1' ],
79 silly audit   'baseline-browser-mapping': [ '2.10.13' ],
79 silly audit   'better-opn': [ '3.0.2' ],
79 silly audit   open: [ '8.4.2', '7.4.2' ],
79 silly audit   'big-integer': [ '1.6.52' ],
79 silly audit   boolbase: [ '1.0.0' ],
79 silly audit   'bplist-creator': [ '0.1.0' ],
79 silly audit   'bplist-parser': [ '0.3.1' ],
79 silly audit   braces: [ '3.0.3' ],
79 silly audit   browserslist: [ '4.28.2' ],
79 silly audit   bser: [ '2.1.1' ],
79 silly audit   'buffer-from': [ '1.1.2' ],
79 silly audit   bytes: [ '3.1.2' ],
79 silly audit   'caniuse-lite': [ '1.0.30001784' ],
79 silly audit   chownr: [ '3.0.0' ],
79 silly audit   'chrome-launcher': [ '0.15.2' ],
79 silly audit   'escape-string-regexp': [ '4.0.0', '1.0.5', '2.0.0' ],
79 silly audit   'chromium-edge-launcher': [ '0.2.0' ],
79 silly audit   'ci-info': [ '2.0.0', '3.9.0' ],
79 silly audit   'cli-cursor': [ '2.1.0' ],
79 silly audit   'cli-spinners': [ '2.9.2' ],
79 silly audit   cliui: [ '8.0.1' ],
79 silly audit   clone: [ '1.0.4' ],
79 silly audit   commander: [ '7.2.0', '12.1.0', '4.1.1', '2.20.3' ],
79 silly audit   compressible: [ '2.0.18' ],
79 silly audit   compression: [ '1.8.1' ],
79 silly audit   ms: [ '2.0.0', '2.1.3' ],
79 silly audit   negotiator: [ '0.6.4', '0.6.3' ],
79 silly audit   'concat-map': [ '0.0.1' ],
79 silly audit   connect: [ '3.7.0' ],
79 silly audit   'convert-source-map': [ '2.0.0' ],
79 silly audit   'core-js-compat': [ '3.49.0' ],
79 silly audit   'cross-fetch': [ '3.2.0' ],
79 silly audit   'cross-spawn': [ '7.0.6' ],
79 silly audit   'css-in-js-utils': [ '3.1.0' ],
79 silly audit   'css-select': [ '5.2.2' ],
79 silly audit   'css-tree': [ '1.1.3' ],
79 silly audit   'source-map': [ '0.6.1', '0.5.7' ],
79 silly audit   'css-what': [ '6.2.2' ],
79 silly audit   csstype: [ '3.2.3' ],
79 silly audit   'deep-extend': [ '0.6.0' ],
79 silly audit   deepmerge: [ '4.3.1' ],
79 silly audit   defaults: [ '1.0.4' ],
79 silly audit   'define-lazy-prop': [ '2.0.0' ],
79 silly audit   depd: [ '2.0.0' ],
79 silly audit   destroy: [ '1.2.0' ],
79 silly audit   'detect-libc': [ '2.1.2' ],
79 silly audit   'dom-serializer': [ '2.0.0' ],
79 silly audit   domelementtype: [ '2.3.0' ],
79 silly audit   domhandler: [ '5.0.3' ],
79 silly audit   domutils: [ '3.2.2' ],
79 silly audit   dotenv: [ '16.4.7' ],
79 silly audit   'dotenv-expand': [ '11.0.7' ],
79 silly audit   'ee-first': [ '1.1.1' ],
79 silly audit   'electron-to-chromium': [ '1.5.331' ],
79 silly audit   'emoji-regex': [ '8.0.0' ],
79 silly audit   encodeurl: [ '1.0.2', '2.0.0' ],
79 silly audit   entities: [ '4.5.0' ],
79 silly audit   'env-editor': [ '0.4.2' ],
79 silly audit   'error-stack-parser': [ '2.1.4' ],
79 silly audit   escalade: [ '3.2.0' ],
79 silly audit   'escape-html': [ '1.0.3' ],
79 silly audit   esprima: [ '4.0.1' ],
79 silly audit   etag: [ '1.8.1' ],
79 silly audit   'event-target-shim': [ '5.0.1' ],
79 silly audit   expo: [ '54.0.33' ],
79 silly audit   'expo-gl': [ '55.0.10' ],
79 silly audit   'expo-modules-autolinking': [ '3.0.24' ],
79 silly audit   'expo-modules-core': [ '3.0.29' ],
79 silly audit   'expo-server': [ '1.0.5' ],
79 silly audit   'expo-status-bar': [ '3.0.9' ],
79 silly audit   'expo-system-ui': [ '55.0.11' ],
79 silly audit   '@expo/cli': [ '54.0.23' ],
79 silly audit   '@expo/prebuild-config': [ '54.0.8' ],
79 silly audit   '@expo/metro-config': [ '54.0.14' ],
79 silly audit   '@expo/vector-icons': [ '15.1.1' ],
79 silly audit   'expo-asset': [ '12.0.12' ],
79 silly audit   'expo-constants': [ '18.0.13' ],
79 silly audit   'expo-file-system': [ '19.0.21' ],
79 silly audit   'expo-font': [ '14.0.11' ],
79 silly audit   'expo-keep-awake': [ '15.0.8' ],
79 silly audit   picomatch: [ '3.0.2', '2.3.2', '4.0.4' ],
79 silly audit   'exponential-backoff': [ '3.1.3' ],
79 silly audit   'fast-json-stable-stringify': [ '2.1.0' ],
79 silly audit   'fb-watchman': [ '2.0.2' ],
79 silly audit   fbjs: [ '3.0.5' ],
79 silly audit   'fbjs-css-vars': [ '1.0.2' ],
79 silly audit   promise: [ '7.3.1', '8.3.0' ],
79 silly audit   'fill-range': [ '7.1.1' ],
79 silly audit   finalhandler: [ '1.1.2' ],
79 silly audit   'find-up': [ '4.1.0' ],
79 silly audit   'flow-enums-runtime': [ '0.0.6' ],
79 silly audit   fontfaceobserver: [ '2.3.0' ],
79 silly audit   'freeport-async': [ '2.0.0' ],
79 silly audit   fresh: [ '0.5.2' ],
79 silly audit   'fs.realpath': [ '1.0.0' ],
79 silly audit   fsevents: [ '2.3.3' ],
79 silly audit   'function-bind': [ '1.1.2' ],
79 silly audit   gensync: [ '1.0.0-beta.2' ],
79 silly audit   'get-caller-file': [ '2.0.5' ],
79 silly audit   'get-package-type': [ '0.1.0' ],
79 silly audit   getenv: [ '2.0.0' ],
79 silly audit   'graceful-fs': [ '4.2.11' ],
79 silly audit   hasown: [ '2.0.2' ],
79 silly audit   'hosted-git-info': [ '7.0.2' ],
79 silly audit   'lru-cache': [ '10.4.3', '5.1.1', '11.2.7' ],
79 silly audit   'http-errors': [ '2.0.1' ],
79 silly audit   statuses: [ '2.0.2', '1.5.0' ],
79 silly audit   'https-proxy-agent': [ '7.0.6' ],
79 silly audit   'hyphenate-style-name': [ '1.1.0' ],
79 silly audit   idb: [ '8.0.3' ],
79 silly audit   ieee754: [ '1.2.1' ],
79 silly audit   ignore: [ '5.3.2' ],
79 silly audit   'image-size': [ '1.2.1' ],
79 silly audit   imurmurhash: [ '0.1.4' ],
79 silly audit   inflight: [ '1.0.6' ],
79 silly audit   inherits: [ '2.0.4' ],
79 silly audit   ini: [ '1.3.8' ],
79 silly audit   'inline-style-prefixer': [ '7.0.1' ],
79 silly audit   invariant: [ '2.2.4' ],
79 silly audit   'is-core-module': [ '2.16.1' ],
79 silly audit   'is-docker': [ '2.2.1' ],
79 silly audit   'is-fullwidth-code-point': [ '3.0.0' ],
79 silly audit   'is-number': [ '7.0.0' ],
79 silly audit   'is-wsl': [ '2.2.0' ],
79 silly audit   isexe: [ '2.0.0' ],
79 silly audit   'istanbul-lib-coverage': [ '3.2.2' ],
79 silly audit   'istanbul-lib-instrument': [ '5.2.1' ],
79 silly audit   'its-fine': [ '2.0.0' ],
79 silly audit   'jest-environment-node': [ '29.7.0' ],
79 silly audit   'jest-get-type': [ '29.6.3' ],
79 silly audit   'jest-haste-map': [ '29.7.0' ],
79 silly audit   'jest-message-util': [ '29.7.0' ],
79 silly audit   'jest-mock': [ '29.7.0' ],
79 silly audit   'jest-regex-util': [ '29.6.3' ],
79 silly audit   'jest-util': [ '29.7.0' ],
79 silly audit   'jest-validate': [ '29.7.0' ],
79 silly audit   'jest-worker': [ '29.7.0' ],
79 silly audit   'jimp-compact': [ '0.16.1' ],
79 silly audit   'js-tokens': [ '4.0.0' ],
79 silly audit   'jsc-safe-url': [ '0.2.4' ],
79 silly audit   jsesc: [ '3.1.0' ],
79 silly audit   json5: [ '2.2.3' ],
79 silly audit   kleur: [ '3.0.3' ],
79 silly audit   'lan-network': [ '0.1.7' ],
79 silly audit   leven: [ '3.1.0' ],
79 silly audit   'lighthouse-logger': [ '1.4.2' ],
79 silly audit   lightningcss: [ '1.32.0' ],
79 silly audit   'lightningcss-android-arm64': [ '1.32.0' ],
79 silly audit   'lightningcss-darwin-arm64': [ '1.32.0' ],
79 silly audit   'lightningcss-darwin-x64': [ '1.32.0' ],
79 silly audit   'lightningcss-freebsd-x64': [ '1.32.0' ],
79 silly audit   'lightningcss-linux-arm-gnueabihf': [ '1.32.0' ],
79 silly audit   'lightningcss-linux-arm64-gnu': [ '1.32.0' ],
79 silly audit   'lightningcss-linux-arm64-musl': [ '1.32.0' ],
79 silly audit   'lightningcss-linux-x64-gnu': [ '1.32.0' ],
79 silly audit   'lightningcss-linux-x64-musl': [ '1.32.0' ],
79 silly audit   'lightningcss-win32-arm64-msvc': [ '1.32.0' ],
79 silly audit   'lightningcss-win32-x64-msvc': [ '1.32.0' ],
79 silly audit   'lines-and-columns': [ '1.2.4' ],
79 silly audit   'locate-path': [ '5.0.0' ],
79 silly audit   'lodash.debounce': [ '4.0.8' ],
79 silly audit   'lodash.throttle': [ '4.1.1' ],
79 silly audit   'log-symbols': [ '2.2.0' ],
79 silly audit   'loose-envify': [ '1.4.0' ],
79 silly audit   'lucide-react-native': [ '1.7.0' ],
79 silly audit   makeerror: [ '1.0.12' ],
79 silly audit   marky: [ '1.3.0' ],
79 silly audit   'mdn-data': [ '2.0.14' ],
79 silly audit   'memoize-one': [ '5.2.1', '6.0.0' ],
79 silly audit   'merge-stream': [ '2.0.0' ],
79 silly audit   metro: [ '0.83.3' ],
79 silly audit   'metro-babel-transformer': [ '0.83.3' ],
79 silly audit   'metro-cache': [ '0.83.3' ],
79 silly audit   'metro-cache-key': [ '0.83.3' ],
79 silly audit   'metro-config': [ '0.83.3' ],
79 silly audit   'metro-core': [ '0.83.3' ],
79 silly audit   'metro-file-map': [ '0.83.3' ],
79 silly audit   'metro-minify-terser': [ '0.83.3' ],
79 silly audit   'metro-resolver': [ '0.83.3' ],
79 silly audit   'metro-runtime': [ '0.83.3' ],
79 silly audit   'metro-source-map': [ '0.83.3' ],
79 silly audit   'metro-symbolicate': [ '0.83.3' ],
79 silly audit   'metro-transform-plugins': [ '0.83.3' ],
79 silly audit   'metro-transform-worker': [ '0.83.3' ],
79 silly audit   micromatch: [ '4.0.8' ],
79 silly audit   mime: [ '1.6.0' ],
79 silly audit   'mime-db': [ '1.52.0' ],
79 silly audit   'mime-types': [ '2.1.35' ],
79 silly audit   'mimic-fn': [ '1.2.0' ],
79 silly audit   minimist: [ '1.2.8' ],
79 silly audit   minipass: [ '7.1.3' ],
79 silly audit   minizlib: [ '3.1.0' ],
79 silly audit   mkdirp: [ '1.0.4' ],
79 silly audit   mz: [ '2.7.0' ],
79 silly audit   nanoid: [ '3.3.11' ],
79 silly audit   'nested-error-stacks': [ '2.0.1' ],
79 silly audit   'node-fetch': [ '2.7.0' ],
79 silly audit   'node-forge': [ '1.4.0' ],
79 silly audit   'node-int64': [ '0.4.0' ],
79 silly audit   'node-releases': [ '2.0.37' ],
79 silly audit   'normalize-path': [ '3.0.0' ],
79 silly audit   'npm-package-arg': [ '11.0.3' ],
79 silly audit   'nth-check': [ '2.1.1' ],
79 silly audit   nullthrows: [ '1.1.1' ],
79 silly audit   ob1: [ '0.83.3' ],
79 silly audit   'object-assign': [ '4.1.1' ],
79 silly audit   'on-finished': [ '2.3.0', '2.4.1' ],
79 silly audit   'on-headers': [ '1.1.0' ],
79 silly audit   once: [ '1.4.0' ],
79 silly audit   onetime: [ '2.0.1' ],
79 silly audit   ora: [ '3.4.0' ],
79 silly audit   'strip-ansi': [ '5.2.0', '6.0.1' ],
79 silly audit   'p-limit': [ '3.1.0', '2.3.0' ],
79 silly audit   'p-locate': [ '4.1.0' ],
79 silly audit   'p-try': [ '2.2.0' ],
79 silly audit   'parse-png': [ '2.1.0' ],
79 silly audit   parseurl: [ '1.3.3' ],
79 silly audit   'path-exists': [ '4.0.0' ],
79 silly audit   'path-is-absolute': [ '1.0.1' ],
79 silly audit   'path-key': [ '3.1.1' ],
79 silly audit   'path-parse': [ '1.0.7' ],
79 silly audit   'path-scurry': [ '2.0.2' ],
79 silly audit   picocolors: [ '1.1.1' ],
79 silly audit   pirates: [ '4.0.7' ],
79 silly audit   plist: [ '3.1.0' ],
79 silly audit   pngjs: [ '3.4.0' ],
79 silly audit   postcss: [ '8.4.49' ],
79 silly audit   'postcss-value-parser': [ '4.2.0' ],
79 silly audit   'pretty-bytes': [ '5.6.0' ],
79 silly audit   'pretty-format': [ '29.7.0' ],
79 silly audit   'proc-log': [ '4.2.0' ],
79 silly audit   progress: [ '2.0.3' ],
79 silly audit   prompts: [ '2.4.2' ],
79 silly audit   punycode: [ '2.3.1' ],
79 silly audit   'qrcode-terminal': [ '0.11.0' ],
79 silly audit   queue: [ '6.0.2' ],
79 silly audit   'range-parser': [ '1.2.1' ],
79 silly audit   rc: [ '1.2.8' ],
79 silly audit   react: [ '19.1.0' ],
79 silly audit   'react-devtools-core': [ '6.1.5' ],
79 silly audit   'react-dom': [ '19.2.4' ],
79 silly audit   'react-is': [ '18.3.1', '16.13.1' ],
79 silly audit   'react-native': [ '0.81.5' ],
79 silly audit   'react-native-is-edge-to-edge': [ '1.3.1' ],
79 silly audit   'react-native-svg': [ '15.15.4' ],
79 silly audit   'react-native-web': [ '0.21.2' ],
79 silly audit   '@react-native/virtualized-lists': [ '0.81.5' ],
79 silly audit   'react-refresh': [ '0.14.2' ],
79 silly audit   regenerate: [ '1.4.2' ],
79 silly audit   'regenerate-unicode-properties': [ '10.2.2' ],
79 silly audit   'regenerator-runtime': [ '0.13.11', '0.14.1' ],
79 silly audit   'regexpu-core': [ '6.4.0' ],
79 silly audit   regjsgen: [ '0.8.0' ],
79 silly audit   regjsparser: [ '0.13.0' ],
79 silly audit   'require-directory': [ '2.1.1' ],
79 silly audit   'require-from-string': [ '2.0.2' ],
79 silly audit   requireg: [ '0.2.2' ],
79 silly audit   resolve: [ '1.7.1', '1.22.11' ],
79 silly audit   'resolve-from': [ '5.0.0' ],
79 silly audit   'resolve-workspace-root': [ '2.0.1' ],
79 silly audit   'resolve.exports': [ '2.0.3' ],
79 silly audit   'restore-cursor': [ '2.0.0' ],
79 silly audit   rimraf: [ '3.0.2' ],
79 silly audit   'safe-buffer': [ '5.2.1' ],
79 silly audit   sax: [ '1.6.0' ],
79 silly audit   send: [ '0.19.2' ],
79 silly audit   'serialize-error': [ '2.1.0' ],
79 silly audit   'serve-static': [ '1.16.3' ],
79 silly audit   setimmediate: [ '1.0.5' ],
79 silly audit   setprototypeof: [ '1.2.0' ],
79 silly audit   'shebang-command': [ '2.0.0' ],
79 silly audit   'shebang-regex': [ '3.0.0' ],
79 silly audit   'shell-quote': [ '1.8.3' ],
79 silly audit   'signal-exit': [ '3.0.7' ],
79 silly audit   'simple-plist': [ '1.3.1' ],
79 silly audit   sisteransi: [ '1.0.5' ],
79 silly audit   slash: [ '3.0.0' ],
79 silly audit   slugify: [ '1.6.9' ],
79 silly audit   'source-map-js': [ '1.2.1' ],
79 silly audit   'source-map-support': [ '0.5.21' ],
79 silly audit   'sprintf-js': [ '1.0.3' ],
79 silly audit   'stack-utils': [ '2.0.6' ],
79 silly audit   stackframe: [ '1.3.4' ],
79 silly audit   'stacktrace-parser': [ '0.1.11' ],
79 silly audit   'stream-buffers': [ '2.2.0' ],
79 silly audit   'string-width': [ '4.2.3' ],
79 silly audit   'strip-json-comments': [ '2.0.1' ],
79 silly audit   'structured-headers': [ '0.4.1' ],
79 silly audit   styleq: [ '0.1.3' ],
79 silly audit   sucrase: [ '3.35.1' ],
79 silly audit   'supports-hyperlinks': [ '2.3.0' ],
79 silly audit   'supports-preserve-symlinks-flag': [ '1.0.0' ],
79 silly audit   'suspend-react': [ '0.1.3' ],
79 silly audit   tar: [ '7.5.13' ],
79 silly audit   yallist: [ '5.0.0', '3.1.1' ],
79 silly audit   'terminal-link': [ '2.1.1' ],
79 silly audit   terser: [ '5.46.1' ],
79 silly audit   'test-exclude': [ '6.0.0' ],
79 silly audit   thenify: [ '3.3.1' ],
79 silly audit   'thenify-all': [ '1.6.0' ],
79 silly audit   three: [ '0.183.2' ],
79 silly audit   throat: [ '5.0.0' ],
79 silly audit   tinyglobby: [ '0.2.15' ],
79 silly audit   fdir: [ '6.5.0' ],
79 silly audit   tmpl: [ '1.0.5' ],
79 silly audit   'to-regex-range': [ '5.0.1' ],
79 silly audit   toidentifier: [ '1.0.1' ],
79 silly audit   tr46: [ '0.0.3' ],
79 silly audit   'ts-interface-checker': [ '0.1.13' ],
79 silly audit   tslib: [ '2.8.1' ],
79 silly audit   'type-detect': [ '4.0.8' ],
79 silly audit   typescript: [ '5.9.3' ],
79 silly audit   'ua-parser-js': [ '1.0.41' ],
79 silly audit   undici: [ '6.24.1' ],
79 silly audit   'undici-types': [ '7.18.2' ],
79 silly audit   'unicode-canonical-property-names-ecmascript': [ '2.0.1' ],
79 silly audit   'unicode-match-property-ecmascript': [ '2.0.0' ],
79 silly audit   'unicode-match-property-value-ecmascript': [ '2.2.1' ],
79 silly audit   'unicode-property-aliases-ecmascript': [ '2.2.0' ],
79 silly audit   unpipe: [ '1.0.0' ],
79 silly audit   'update-browserslist-db': [ '1.2.3' ],
79 silly audit   'use-sync-external-store': [ '1.6.0', '1.2.2' ],
79 silly audit   'utils-merge': [ '1.0.1' ],
79 silly audit   uuid: [ '7.0.3' ],
79 silly audit   'validate-npm-package-name': [ '5.0.1' ],
79 silly audit   vary: [ '1.1.2' ],
79 silly audit   vlq: [ '1.0.1' ],
79 silly audit   walker: [ '1.0.8' ],
79 silly audit   'warn-once': [ '0.1.1' ],
79 silly audit   wcwidth: [ '1.0.1' ],
79 silly audit   'webidl-conversions': [ '5.0.0', '3.0.1' ],
79 silly audit   'whatwg-fetch': [ '3.6.20' ],
79 silly audit   'whatwg-url': [ '5.0.0' ],
79 silly audit   'whatwg-url-without-unicode': [ '8.0.0-3' ],
79 silly audit   which: [ '2.0.2' ],
79 silly audit   wonka: [ '6.3.6' ],
79 silly audit   'wrap-ansi': [ '7.0.0' ],
79 silly audit   wrappy: [ '1.0.2' ],
79 silly audit   'write-file-atomic': [ '4.0.2' ],
79 silly audit   xcode: [ '3.0.1' ],
79 silly audit   xml2js: [ '0.6.0' ],
79 silly audit   xmlbuilder: [ '11.0.1', '15.1.1' ],
79 silly audit   y18n: [ '5.0.8' ],
79 silly audit   yaml: [ '2.8.3' ],
79 silly audit   yargs: [ '17.7.2' ],
79 silly audit   'yargs-parser': [ '21.1.1' ],
79 silly audit   'yocto-queue': [ '0.1.0' ],
79 silly audit   '@nozbe/watermelondb': [ '0.28.0' ],
79 silly audit   '@nozbe/with-observables': [ '1.6.0' ],
79 silly audit   'expo-sqlite': [ '15.1.4' ],
79 silly audit   '@nozbe/simdjson': [ '3.9.4' ],
79 silly audit   '@nozbe/sqlite': [ '3.46.0' ],
79 silly audit   'hoist-non-react-statics': [ '3.3.2' ],
79 silly audit   '@nozbe/lokijs': [ '1.5.12-wmelon6' ],
79 silly audit   rxjs: [ '7.8.2' ],
79 silly audit   'sql-escape-string': [ '1.1.0' ]
79 silly audit }
80 http cache sql-escape-string@https://registry.npmjs.org/sql-escape-string/-/sql-escape-string-1.1.0.tgz 0ms (cache hit)
81 http cache lokijs@https://registry.npmjs.org/@nozbe/lokijs/-/lokijs-1.5.12-wmelon6.tgz 0ms (cache hit)
82 http cache rxjs@https://registry.npmjs.org/rxjs/-/rxjs-7.8.2.tgz 0ms (cache hit)
83 http cache @nozbe/sqlite@https://registry.npmjs.org/@nozbe/sqlite/-/sqlite-3.46.0.tgz 0ms (cache hit)
84 http cache hoist-non-react-statics@https://registry.npmjs.org/hoist-non-react-statics/-/hoist-non-react-statics-3.3.2.tgz 0ms (cache hit)
85 http cache @nozbe/simdjson@https://registry.npmjs.org/@nozbe/simdjson/-/simdjson-3.9.4.tgz 0ms (cache hit)
86 http cache @nozbe/with-observables@https://registry.npmjs.org/@nozbe/with-observables/-/with-observables-1.6.0.tgz 0ms (cache hit)
87 http cache react-is@https://registry.npmjs.org/react-is/-/react-is-16.13.1.tgz 0ms (cache hit)
88 http cache regenerator-runtime@https://registry.npmjs.org/regenerator-runtime/-/regenerator-runtime-0.14.1.tgz 0ms (cache hit)
89 http cache expo-sqlite@https://registry.npmjs.org/expo-sqlite/-/expo-sqlite-15.1.4.tgz 0ms (cache hit)
90 http cache @babel/runtime@https://registry.npmjs.org/@babel/runtime/-/runtime-7.26.0.tgz 0ms (cache hit)
91 http cache @nozbe/watermelondb@https://registry.npmjs.org/@nozbe/watermelondb/-/watermelondb-0.28.0.tgz 0ms (cache hit)
92 silly tarball no local data for sql-escape-string@https://registry.npmjs.org/sql-escape-string/-/sql-escape-string-1.1.0.tgz. Extracting by manifest.
93 silly tarball no local data for lokijs@https://registry.npmjs.org/@nozbe/lokijs/-/lokijs-1.5.12-wmelon6.tgz. Extracting by manifest.
94 silly tarball no local data for rxjs@https://registry.npmjs.org/rxjs/-/rxjs-7.8.2.tgz. Extracting by manifest.
95 silly tarball no local data for @nozbe/sqlite@https://registry.npmjs.org/@nozbe/sqlite/-/sqlite-3.46.0.tgz. Extracting by manifest.
96 silly tarball no local data for hoist-non-react-statics@https://registry.npmjs.org/hoist-non-react-statics/-/hoist-non-react-statics-3.3.2.tgz. Extracting by manifest.
97 silly tarball no local data for @nozbe/simdjson@https://registry.npmjs.org/@nozbe/simdjson/-/simdjson-3.9.4.tgz. Extracting by manifest.
98 silly tarball no local data for @nozbe/with-observables@https://registry.npmjs.org/@nozbe/with-observables/-/with-observables-1.6.0.tgz. Extracting by manifest.
99 silly tarball no local data for react-is@https://registry.npmjs.org/react-is/-/react-is-16.13.1.tgz. Extracting by manifest.
100 silly tarball no local data for regenerator-runtime@https://registry.npmjs.org/regenerator-runtime/-/regenerator-runtime-0.14.1.tgz. Extracting by manifest.
101 silly tarball no local data for expo-sqlite@https://registry.npmjs.org/expo-sqlite/-/expo-sqlite-15.1.4.tgz. Extracting by manifest.
102 silly tarball no local data for @babel/runtime@https://registry.npmjs.org/@babel/runtime/-/runtime-7.26.0.tgz. Extracting by manifest.
103 silly tarball no local data for @nozbe/watermelondb@https://registry.npmjs.org/@nozbe/watermelondb/-/watermelondb-0.28.0.tgz. Extracting by manifest.
104 http fetch GET 200 https://registry.npmjs.org/sql-escape-string/-/sql-escape-string-1.1.0.tgz 70ms (cache miss)
105 http fetch GET 200 https://registry.npmjs.org/hoist-non-react-statics/-/hoist-non-react-statics-3.3.2.tgz 71ms (cache miss)
106 http fetch POST 200 https://registry.npmjs.org/-/npm/v1/security/advisories/bulk 231ms
107 silly audit report {
107 silly audit report   '@babel/runtime': [
107 silly audit report     {
107 silly audit report       id: 1104000,
107 silly audit report       url: 'https://github.com/advisories/GHSA-968p-4wvh-cqc8',
107 silly audit report       title: 'Babel has inefficient RegExp complexity in generated code with .replace when transpiling named capturing groups',
107 silly audit report       severity: 'moderate',
107 silly audit report       vulnerable_versions: '<7.26.10',
107 silly audit report       cwe: [Array],
107 silly audit report       cvss: [Object]
107 silly audit report     }
107 silly audit report   ]
107 silly audit report }
108 silly packumentCache corgi:https://registry.npmjs.org/@babel%2fruntime cache-miss
109 http fetch GET 200 https://registry.npmjs.org/@nozbe/with-observables/-/with-observables-1.6.0.tgz 289ms (cache miss)
110 http fetch GET 200 https://registry.npmjs.org/@nozbe/lokijs/-/lokijs-1.5.12-wmelon6.tgz 305ms (cache miss)
111 http fetch GET 200 https://registry.npmjs.org/@babel%2fruntime 111ms (cache miss)
112 silly packumentCache corgi:https://registry.npmjs.org/@babel%2fruntime set size:undefined disposed:false
113 silly packumentCache corgi:https://registry.npmjs.org/@nozbe%2fwatermelondb cache-miss
114 http fetch GET 200 https://registry.npmjs.org/rxjs/-/rxjs-7.8.2.tgz 399ms (cache miss)
115 http fetch GET 200 https://registry.npmjs.org/react-is/-/react-is-16.13.1.tgz 441ms (cache miss)
116 http fetch GET 200 https://registry.npmjs.org/regenerator-runtime/-/regenerator-runtime-0.14.1.tgz 442ms (cache miss)
117 http fetch GET 200 https://registry.npmjs.org/@babel/runtime/-/runtime-7.26.0.tgz 460ms (cache miss)
118 http fetch GET 200 https://registry.npmjs.org/@nozbe/simdjson/-/simdjson-3.9.4.tgz 503ms (cache miss)
119 http fetch GET 200 https://registry.npmjs.org/@nozbe/watermelondb/-/watermelondb-0.28.0.tgz 665ms (cache miss)
120 http fetch GET 200 https://registry.npmjs.org/@nozbe/sqlite/-/sqlite-3.46.0.tgz 862ms (cache miss)
121 http fetch GET 200 https://registry.npmjs.org/@nozbe%2fwatermelondb 526ms (cache miss)
122 silly packumentCache corgi:https://registry.npmjs.org/@nozbe%2fwatermelondb set size:undefined disposed:false
123 http fetch GET 200 https://registry.npmjs.org/expo-sqlite/-/expo-sqlite-15.1.4.tgz 2556ms (cache miss)
124 silly ADD node_modules/sql-escape-string
125 silly ADD node_modules/rxjs
126 silly ADD node_modules/lokijs
127 silly ADD node_modules/hoist-non-react-statics
128 silly ADD node_modules/hoist-non-react-statics/node_modules/react-is
129 silly ADD node_modules/@nozbe/sqlite
130 silly ADD node_modules/@nozbe/simdjson
131 silly ADD node_modules/expo-sqlite
132 silly ADD node_modules/@nozbe/with-observables
133 silly ADD node_modules/@nozbe/watermelondb
134 silly ADD node_modules/@nozbe/watermelondb/node_modules/regenerator-runtime
135 silly ADD node_modules/@nozbe/watermelondb/node_modules/@babel/runtime
136 verbose cwd /Volumes/Will of D/Cloude Code Database/gsd-new
137 verbose os Darwin 25.2.0
138 verbose node v24.14.0
139 verbose npm  v11.9.0
140 verbose exit 0
141 info ok
